<?xml version="1.0" encoding="UTF-8"?>
<!-- Generated by org.testng.reporters.JUnitReportReporter -->
<testsuite hostname="TMZ-DPC-2185" failures="0" tests="1" name="RunnerPackage.RunnerforRegister" time="53.612" errors="1" timestamp="2023-11-03T12:54:13 IST" skipped="0">
  <testcase classname="RunnerPackage.RunnerforRegister" name="runScenario" time="53.612">
    <error message="Cannot invoke &quot;org.openqa.selenium.WebElement.getText()&quot; because &quot;this.loc.welcome&quot; is null" type="java.lang.NullPointerException">
      <![CDATA[java.lang.NullPointerException: Cannot invoke "org.openqa.selenium.WebElement.getText()" because "this.loc.welcome" is null
at CucumberPractice2.ParaBank.RegisterDefinitions.click_register_button(RegisterDefinitions.java:50)
at ✽.Click register button(file:///C:/Users/ashekharangya/eclipse-workspace/ParaBank/src/test/resources/features/Register.feature:12)
]]>
    </error>
  </testcase> <!-- runScenario -->
</testsuite> <!-- RunnerPackage.RunnerforRegister -->
