<?xml version="1.0" encoding="UTF-8"?>
<!-- Generated by org.testng.reporters.JUnitXMLReporter -->
<testsuite ignored="0" hostname="TMZ-DPC-2185" failures="1" tests="1" name="Default test" time="57.023" errors="0" timestamp="2023-11-03T12:54:08 IST">
  <testcase classname="io.cucumber.testng.AbstractTestNGCucumberTests" name="runScenario" time="53.612">
    <failure type="java.lang.NullPointerException" message="Cannot invoke &amp;quot;org.openqa.selenium.WebElement.getText()&amp;quot; because &amp;quot;this.loc.welcome&amp;quot; is null">
      <![CDATA[java.lang.NullPointerException: Cannot invoke "org.openqa.selenium.WebElement.getText()" because "this.loc.welcome" is null
at CucumberPractice2.ParaBank.RegisterDefinitions.click_register_button(RegisterDefinitions.java:50)
at ✽.Click register button(file:///C:/Users/ashekharangya/eclipse-workspace/ParaBank/src/test/resources/features/Register.feature:12)
]]>
    </failure>
  </testcase> <!-- runScenario -->
</testsuite> <!-- Default test -->
