<?xml version="1.0" encoding="UTF-8"?>
<testng-results ignored="0" total="1" passed="0" failed="1" skipped="0">
  <reporter-output>
  </reporter-output>
  <suite started-at="2023-11-03T12:53:10 IST" name="Default suite" finished-at="2023-11-03T12:54:07 IST" duration-ms="57023">
    <groups>
      <group name="cucumber">
        <method signature="AbstractTestNGCucumberTests.runScenario(io.cucumber.testng.PickleWrapper,io.cucumber.testng.FeatureWrapper)[pri:0, instance:RunnerPackage.RunnerforRegister@173ed316]" name="runScenario" class="io.cucumber.testng.AbstractTestNGCucumberTests"/>
      </group> <!-- cucumber -->
    </groups>
    <test started-at="2023-11-03T12:53:10 IST" name="Default test" finished-at="2023-11-03T12:54:07 IST" duration-ms="57023">
      <class name="RunnerPackage.RunnerforRegister">
        <test-method is-config="true" signature="setUpClass(org.testng.ITestContext)[pri:0, instance:RunnerPackage.RunnerforRegister@173ed316]" started-at="2023-11-03T12:53:10 IST" name="setUpClass" finished-at="2023-11-03T12:53:13 IST" duration-ms="3030" status="PASS">
          <params>
            <param index="0">
              <value>
                <![CDATA[org.testng.TestRunner@6428591a]]>
              </value>
            </param>
          </params>
          <reporter-output>
          </reporter-output>
        </test-method> <!-- setUpClass -->
        <test-method signature="runScenario(io.cucumber.testng.PickleWrapper,io.cucumber.testng.FeatureWrapper)[pri:0, instance:RunnerPackage.RunnerforRegister@173ed316]" started-at="2023-11-03T12:53:13 IST" name="runScenario" description="Runs Cucumber Scenarios" data-provider="scenarios" finished-at="2023-11-03T12:54:07 IST" duration-ms="53612" status="FAIL">
          <params>
            <param index="0">
              <value>
                <![CDATA["Checking register"]]>
              </value>
            </param>
            <param index="1">
              <value>
                <![CDATA["Register page of ParaBank"]]>
              </value>
            </param>
          </params>
          <exception class="java.lang.NullPointerException">
            <message>
              <![CDATA[Cannot invoke "org.openqa.selenium.WebElement.getText()" because "this.loc.welcome" is null]]>
            </message>
            <full-stacktrace>
              <![CDATA[java.lang.NullPointerException: Cannot invoke "org.openqa.selenium.WebElement.getText()" because "this.loc.welcome" is null
at CucumberPractice2.ParaBank.RegisterDefinitions.click_register_button(RegisterDefinitions.java:50)
at ✽.Click register button(file:///C:/Users/ashekharangya/eclipse-workspace/ParaBank/src/test/resources/features/Register.feature:12)
]]>
            </full-stacktrace>
          </exception> <!-- java.lang.NullPointerException -->
          <reporter-output>
          </reporter-output>
        </test-method> <!-- runScenario -->
        <test-method is-config="true" signature="tearDownClass()[pri:0, instance:RunnerPackage.RunnerforRegister@173ed316]" started-at="2023-11-03T12:54:07 IST" name="tearDownClass" finished-at="2023-11-03T12:54:07 IST" duration-ms="2" status="PASS">
          <reporter-output>
          </reporter-output>
        </test-method> <!-- tearDownClass -->
      </class> <!-- RunnerPackage.RunnerforRegister -->
    </test> <!-- Default test -->
  </suite> <!-- Default suite -->
</testng-results>
